<?xml version="1.0" encoding="UTF-8"?>
<testng-results skipped="0" failed="1" total="6" passed="5">
  <reporter-output>
  </reporter-output>
  <suite name="Suite" duration-ms="93473" started-at="2020-05-21T20:12:27Z" finished-at="2020-05-21T20:14:00Z">
    <groups>
    </groups>
    <test name="Validating User login" duration-ms="22819" started-at="2020-05-21T20:12:27Z" finished-at="2020-05-21T20:12:49Z">
      <class name="Academy.HomePage">
        <test-method status="PASS" signature="initialize()[pri:0, instance:Academy.HomePage@574b560f]" name="initialize" is-config="true" duration-ms="1505" started-at="2020-05-21T15:12:27Z" finished-at="2020-05-21T15:12:28Z">
          <reporter-output>
          </reporter-output>
        </test-method> <!-- initialize -->
        <test-method status="PASS" signature="basePageNavigation(java.lang.String, java.lang.String, java.lang.String)[pri:0, instance:Academy.HomePage@574b560f]" name="basePageNavigation" duration-ms="10356" started-at="2020-05-21T15:12:28Z" data-provider="getData" finished-at="2020-05-21T15:12:38Z">
          <params>
            <param index="0">
              <value>
                <![CDATA[nonrestricteduser@qw.com]]>
              </value>
            </param>
            <param index="1">
              <value>
                <![CDATA[123456]]>
              </value>
            </param>
            <param index="2">
              <value>
                <![CDATA[Restrcited User]]>
              </value>
            </param>
          </params>
          <reporter-output>
          </reporter-output>
        </test-method> <!-- basePageNavigation -->
        <test-method status="PASS" signature="basePageNavigation(java.lang.String, java.lang.String, java.lang.String)[pri:0, instance:Academy.HomePage@574b560f]" name="basePageNavigation" duration-ms="10827" started-at="2020-05-21T15:12:38Z" data-provider="getData" finished-at="2020-05-21T15:12:49Z">
          <params>
            <param index="0">
              <value>
                <![CDATA[restricteduser@qw.com]]>
              </value>
            </param>
            <param index="1">
              <value>
                <![CDATA[456788]]>
              </value>
            </param>
            <param index="2">
              <value>
                <![CDATA[Non restricted user]]>
              </value>
            </param>
          </params>
          <reporter-output>
          </reporter-output>
        </test-method> <!-- basePageNavigation -->
        <test-method status="PASS" signature="teardown()[pri:0, instance:Academy.HomePage@574b560f]" name="teardown" is-config="true" duration-ms="115" started-at="2020-05-21T15:12:49Z" finished-at="2020-05-21T15:12:49Z">
          <reporter-output>
          </reporter-output>
        </test-method> <!-- teardown -->
      </class> <!-- Academy.HomePage -->
    </test> <!-- Validating User login -->
    <test name="Validating title in the Page" duration-ms="4683" started-at="2020-05-21T20:12:50Z" finished-at="2020-05-21T20:12:54Z">
      <class name="Academy.validateTitle">
        <test-method status="PASS" signature="initialize()[pri:0, instance:Academy.validateTitle@44a7bfbc]" name="initialize" is-config="true" duration-ms="3689" started-at="2020-05-21T15:12:50Z" finished-at="2020-05-21T15:12:53Z">
          <reporter-output>
          </reporter-output>
        </test-method> <!-- initialize -->
        <test-method status="FAIL" signature="validateAppTitle()[pri:0, instance:Academy.validateTitle@44a7bfbc]" name="validateAppTitle" duration-ms="27" started-at="2020-05-21T15:12:53Z" finished-at="2020-05-21T15:12:53Z">
          <exception class="java.lang.AssertionError">
            <message>
              <![CDATA[expected [FEATURED CO123URSES] but found [FEATURED COURSES]]]>
            </message>
            <full-stacktrace>
              <![CDATA[java.lang.AssertionError: expected [FEATURED CO123URSES] but found [FEATURED COURSES]
	at org.testng.Assert.fail(Assert.java:94)
	at org.testng.Assert.failNotEquals(Assert.java:494)
	at org.testng.Assert.assertEquals(Assert.java:123)
	at org.testng.Assert.assertEquals(Assert.java:176)
	at org.testng.Assert.assertEquals(Assert.java:186)
	at Academy.validateTitle.validateAppTitle(validateTitle.java:43)
	at sun.reflect.NativeMethodAccessorImpl.invoke0(Native Method)
	at sun.reflect.NativeMethodAccessorImpl.invoke(NativeMethodAccessorImpl.java:62)
	at sun.reflect.DelegatingMethodAccessorImpl.invoke(DelegatingMethodAccessorImpl.java:43)
	at java.lang.reflect.Method.invoke(Method.java:498)
	at org.testng.internal.MethodInvocationHelper.invokeMethod(MethodInvocationHelper.java:80)
	at org.testng.internal.Invoker.invokeMethod(Invoker.java:714)
	at org.testng.internal.Invoker.invokeTestMethod(Invoker.java:901)
	at org.testng.internal.Invoker.invokeTestMethods(Invoker.java:1231)
	at org.testng.internal.TestMethodWorker.invokeTestMethods(TestMethodWorker.java:127)
	at org.testng.internal.TestMethodWorker.run(TestMethodWorker.java:111)
	at org.testng.TestRunner.privateRun(TestRunner.java:767)
	at org.testng.TestRunner.run(TestRunner.java:617)
	at org.testng.SuiteRunner.runTest(SuiteRunner.java:334)
	at org.testng.SuiteRunner.runSequentially(SuiteRunner.java:329)
	at org.testng.SuiteRunner.privateRun(SuiteRunner.java:291)
	at org.testng.SuiteRunner.run(SuiteRunner.java:240)
	at org.testng.SuiteRunnerWorker.runSuite(SuiteRunnerWorker.java:52)
	at org.testng.SuiteRunnerWorker.run(SuiteRunnerWorker.java:86)
	at org.testng.TestNG.runSuitesSequentially(TestNG.java:1198)
	at org.testng.TestNG.runSuitesLocally(TestNG.java:1123)
	at org.testng.TestNG.run(TestNG.java:1031)
	at org.testng.remote.AbstractRemoteTestNG.run(AbstractRemoteTestNG.java:115)
	at org.testng.remote.RemoteTestNG.initAndRun(RemoteTestNG.java:251)
	at org.testng.remote.RemoteTestNG.main(RemoteTestNG.java:77)
]]>
            </full-stacktrace>
          </exception> <!-- java.lang.AssertionError -->
          <reporter-output>
          </reporter-output>
        </test-method> <!-- validateAppTitle -->
        <test-method status="PASS" signature="teardown()[pri:0, instance:Academy.validateTitle@44a7bfbc]" name="teardown" is-config="true" duration-ms="99" started-at="2020-05-21T15:12:54Z" finished-at="2020-05-21T15:12:54Z">
          <reporter-output>
          </reporter-output>
        </test-method> <!-- teardown -->
      </class> <!-- Academy.validateTitle -->
    </test> <!-- Validating title in the Page -->
    <test name="App Testing" duration-ms="1" started-at="2020-05-21T20:12:54Z" finished-at="2020-05-21T20:12:54Z">
    </test> <!-- App Testing -->
    <test name="Validating navigation Bar" duration-ms="4625" started-at="2020-05-21T20:12:54Z" finished-at="2020-05-21T20:12:59Z">
      <class name="Academy.validateNavigationBar">
        <test-method status="PASS" signature="initialize()[pri:0, instance:Academy.validateNavigationBar@61386958]" name="initialize" is-config="true" duration-ms="4461" started-at="2020-05-21T15:12:54Z" finished-at="2020-05-21T15:12:59Z">
          <reporter-output>
          </reporter-output>
        </test-method> <!-- initialize -->
        <test-method status="PASS" signature="validateAppNavBar()[pri:0, instance:Academy.validateNavigationBar@61386958]" name="validateAppNavBar" duration-ms="57" started-at="2020-05-21T15:12:59Z" finished-at="2020-05-21T15:12:59Z">
          <reporter-output>
          </reporter-output>
        </test-method> <!-- validateAppNavBar -->
        <test-method status="PASS" signature="teardown()[pri:0, instance:Academy.validateNavigationBar@61386958]" name="teardown" is-config="true" duration-ms="104" started-at="2020-05-21T15:12:59Z" finished-at="2020-05-21T15:12:59Z">
          <reporter-output>
          </reporter-output>
        </test-method> <!-- teardown -->
      </class> <!-- Academy.validateNavigationBar -->
    </test> <!-- Validating navigation Bar -->
    <test name="Validating Sign up" duration-ms="38971" started-at="2020-05-21T20:12:59Z" finished-at="2020-05-21T20:13:38Z">
      <class name="Academy.VerifySignup">
        <test-method status="PASS" signature="Initialize()[pri:0, instance:Academy.VerifySignup@34f7cfd9]" name="Initialize" is-config="true" duration-ms="821" started-at="2020-05-21T15:12:59Z" finished-at="2020-05-21T15:13:00Z">
          <reporter-output>
          </reporter-output>
        </test-method> <!-- Initialize -->
        <test-method status="PASS" signature="verifySignup()[pri:0, instance:Academy.VerifySignup@34f7cfd9]" name="verifySignup" duration-ms="38063" started-at="2020-05-21T15:13:00Z" finished-at="2020-05-21T15:13:38Z">
          <reporter-output>
          </reporter-output>
        </test-method> <!-- verifySignup -->
        <test-method status="PASS" signature="teardown()[pri:0, instance:Academy.VerifySignup@34f7cfd9]" name="teardown" is-config="true" duration-ms="85" started-at="2020-05-21T15:13:38Z" finished-at="2020-05-21T15:13:38Z">
          <reporter-output>
          </reporter-output>
        </test-method> <!-- teardown -->
      </class> <!-- Academy.VerifySignup -->
    </test> <!-- Validating Sign up -->
    <test name="Validating LogOUt" duration-ms="22059" started-at="2020-05-21T20:13:38Z" finished-at="2020-05-21T20:14:00Z">
      <class name="Academy.Practice">
        <test-method status="PASS" signature="Initialize()[pri:0, instance:Academy.Practice@62230c58]" name="Initialize" is-config="true" duration-ms="843" started-at="2020-05-21T15:13:38Z" finished-at="2020-05-21T15:13:39Z">
          <reporter-output>
          </reporter-output>
        </test-method> <!-- Initialize -->
        <test-method status="PASS" signature="signout()[pri:0, instance:Academy.Practice@62230c58]" name="signout" duration-ms="21215" started-at="2020-05-21T15:13:39Z" finished-at="2020-05-21T15:14:00Z">
          <reporter-output>
          </reporter-output>
        </test-method> <!-- signout -->
      </class> <!-- Academy.Practice -->
    </test> <!-- Validating LogOUt -->
  </suite> <!-- Suite -->
</testng-results>
